[ 2017-01-06T10:03:23+08:00 ] 127.0.0.1 /index.php/Home/user/addcart
INFO: [ app_begin ] --START--
INFO: Run Behavior\ReadHtmlCacheBehavior [ RunTime:0.000000s ]
INFO: Run Behavior\ReadHtmlCacheBehavior [ RunTime:0.001000s ]
INFO: Run Behavior\CheckLangBehavior [ RunTime:0.000000s ]
INFO: [ app_begin ] --END-- [ RunTime:0.002000s ]
SQL: SHOW COLUMNS FROM `sw_user` [ RunTime:0.0030s ]

[ 2017-01-06T11:58:29+08:00 ] 127.0.0.1 /index.php/Home/user/addcart
INFO: [ app_begin ] --START--
INFO: Run Behavior\ReadHtmlCacheBehavior [ RunTime:0.000000s ]
INFO: Run Behavior\ReadHtmlCacheBehavior [ RunTime:0.000000s ]
INFO: Run Behavior\CheckLangBehavior [ RunTime:0.001000s ]
INFO: [ app_begin ] --END-- [ RunTime:0.003000s ]
SQL: SHOW COLUMNS FROM `sw_user` [ RunTime:0.0040s ]
SQL: select * from sw_user where user_name='345' and pwd='45' [ RunTime:0.0000s ]
SQL: select * from sw_brand where brand_id=(select goods_brand_id from sw_goods where goods_id=35) [ RunTime:0.0010s ]
SQL: SHOW COLUMNS FROM `sw_cart` [ RunTime:0.0020s ]
NOTIC: [8] Undefined index: validate D:\Bitnami\wampstack-5.6.19-0\apache2\htdocs\thinkphp\ThinkPHP\Library\Think\Model.class.php 第 1185 行.
NOTIC: [8] Undefined index: auto D:\Bitnami\wampstack-5.6.19-0\apache2\htdocs\thinkphp\ThinkPHP\Library\Think\Model.class.php 第 1128 行.
SQL: INSERT INTO `sw_cart` (`c_num`,`c_goods_id`,`c_member_id`) VALUES ('1','35','2') [ RunTime:0.0020s ]

[ 2017-01-06T11:58:52+08:00 ] 127.0.0.1 /index.php/Home/user/user.php?act=order_detail&order_id=20
ERR: 非法操作:user.php

